/Users/lehoangsang/MacroHFT/preprocess/decomposition.py:111: SettingWithCopyWarning: 
A value is trying to be set on a copy of a slice from a DataFrame.
Try using .loc[row_indexer,col_indexer] = value instead

See the caveats in the documentation: https://pandas.pydata.org/pandas-docs/stable/user_guide/indexing.html#returning-a-view-versus-a-copy
  chunk['return'] = chunk['close'].pct_change().fillna(0)
/Users/lehoangsang/MacroHFT/preprocess/decomposition.py:111: SettingWithCopyWarning: 
A value is trying to be set on a copy of a slice from a DataFrame.
Try using .loc[row_indexer,col_indexer] = value instead

See the caveats in the documentation: https://pandas.pydata.org/pandas-docs/stable/user_guide/indexing.html#returning-a-view-versus-a-copy
  chunk['return'] = chunk['close'].pct_change().fillna(0)
/Users/lehoangsang/MacroHFT/preprocess/decomposition.py:120: SettingWithCopyWarning: 
A value is trying to be set on a copy of a slice from a DataFrame.
Try using .loc[row_indexer,col_indexer] = value instead

See the caveats in the documentation: https://pandas.pydata.org/pandas-docs/stable/user_guide/indexing.html#returning-a-view-versus-a-copy
  chunk['return'] = chunk['close'].pct_change().fillna(0)
/Users/lehoangsang/MacroHFT/preprocess/decomposition.py:129: SettingWithCopyWarning: 
A value is trying to be set on a copy of a slice from a DataFrame.
Try using .loc[row_indexer,col_indexer] = value instead

See the caveats in the documentation: https://pandas.pydata.org/pandas-docs/stable/user_guide/indexing.html#returning-a-view-versus-a-copy
  chunk['return'] = chunk['close'].pct_change().fillna(0)
